17:38:38 **** Incremental Build of configuration Debug for project practica_2 ****
make -j4 all 
arm-none-eabi-gcc "../Src/main.c" -mcpu=cortex-m4 -std=gnu11 -g3 -DDEBUG -DSTM32 -DSTM32F429ZITx -DSTM32F4 -DNUCLEO_F429ZI -DUSE_HAL_DRIVER -DSTM32F429xx -c -I../Inc -I"/home/felix/Fancesco/PdM_workspace/practica_2/Drivers/STM32F4xx_HAL_Driver/Inc" -I"/home/felix/Fancesco/PdM_workspace/practica_2/Drivers/CMSIS/Include" -I"/home/felix/Fancesco/PdM_workspace/practica_2/Drivers/CMSIS/Device/ST/STM32F4xx/Include" -I"/home/felix/Fancesco/PdM_workspace/practica_2/Drivers/BSP/STM32F4xx_Nucleo_144" -I"/home/felix/Fancesco/PdM_workspace/practica_2/Drivers/Core/Inc" -O0 -ffunction-sections -fdata-sections -Wall -fstack-usage -MMD -MP -MF"Src/main.d" -MT"Src/main.o" --specs=nano.specs -mfpu=fpv4-sp-d16 -mfloat-abi=hard -mthumb -o "Src/main.o"
arm-none-eabi-gcc -o "practica_2.elf" @"objects.list"   -mcpu=cortex-m4 -T"/home/felix/Fancesco/PdM_workspace/practica_2/STM32F429ZITX_FLASH.ld" --specs=nosys.specs -Wl,-Map="practica_2.map" -Wl,--gc-sections -static --specs=nano.specs -mfpu=fpv4-sp-d16 -mfloat-abi=hard -mthumb -Wl,--start-group -lc -lm -Wl,--end-group
Finished building target: practica_2.elf
 
arm-none-eabi-size   practica_2.elf 
arm-none-eabi-objdump -h -S  practica_2.elf  > "practica_2.list"
   text	   data	    bss	    dec	    hex	filename
   6408	     32	   1568	   8008	   1f48	practica_2.elf
Finished building: default.size.stdout
 
Finished building: practica_2.list
 
17:39:19 **** Incremental Build of configuration Debug for project practica_2 ****
make -j4 all 
arm-none-eabi-size   practica_2.elf 
   text	   data	    bss	    dec	    hex	filename
   6408	     32	   1568	   8008	   1f48	practica_2.elf
Finished building: default.size.stdout
 
17:39:45 **** Incremental Build of configuration Debug for project practica_2 ****
make -j4 all 
arm-none-eabi-size   practica_2.elf 
   text	   data	    bss	    dec	    hex	filename
   6408	     32	   1568	   8008	   1f48	practica_2.elf
Finished building: default.size.stdout
 
23:46:47 **** Incremental Build of configuration Debug for project practica_2 ****
make -j4 all 
arm-none-eabi-gcc "../Src/main.c" -mcpu=cortex-m4 -std=gnu11 -g3 -DDEBUG -DSTM32 -DSTM32F429ZITx -DSTM32F4 -DNUCLEO_F429ZI -DUSE_HAL_DRIVER -DSTM32F429xx -c -I../Inc -I"/home/felix/Fancesco/PdM_workspace/practica_2/Drivers/STM32F4xx_HAL_Driver/Inc" -I"/home/felix/Fancesco/PdM_workspace/practica_2/Drivers/CMSIS/Include" -I"/home/felix/Fancesco/PdM_workspace/practica_2/Drivers/CMSIS/Device/ST/STM32F4xx/Include" -I"/home/felix/Fancesco/PdM_workspace/practica_2/Drivers/BSP/STM32F4xx_Nucleo_144" -I"/home/felix/Fancesco/PdM_workspace/practica_2/Drivers/Core/Inc" -O0 -ffunction-sections -fdata-sections -Wall -fstack-usage -MMD -MP -MF"Src/main.d" -MT"Src/main.o" --specs=nano.specs -mfpu=fpv4-sp-d16 -mfloat-abi=hard -mthumb -o "Src/main.o"
arm-none-eabi-gcc -o "practica_2.elf" @"objects.list"   -mcpu=cortex-m4 -T"/home/felix/Fancesco/PdM_workspace/practica_2/STM32F429ZITX_FLASH.ld" --specs=nosys.specs -Wl,-Map="practica_2.map" -Wl,--gc-sections -static --specs=nano.specs -mfpu=fpv4-sp-d16 -mfloat-abi=hard -mthumb -Wl,--start-group -lc -lm -Wl,--end-group
Finished building target: practica_2.elf
 
arm-none-eabi-size   practica_2.elf 
arm-none-eabi-objdump -h -S  practica_2.elf  > "practica_2.list"
   text	   data	    bss	    dec	    hex	filename
   6404	     32	   1568	   8004	   1f44	practica_2.elf
Finished building: default.size.stdout
 
Finished building: practica_2.list
 
23:47:27 **** Incremental Build of configuration Debug for project practica_2 ****
make -j4 all 
arm-none-eabi-size   practica_2.elf 
   text	   data	    bss	    dec	    hex	filename
   6404	     32	   1568	   8004	   1f44	practica_2.elf
Finished building: default.size.stdout
 
23:48:03 **** Incremental Build of configuration Debug for project practica_2 ****
make -j4 all 
arm-none-eabi-size   practica_2.elf 
   text	   data	    bss	    dec	    hex	filename
   6404	     32	   1568	   8004	   1f44	practica_2.elf
Finished building: default.size.stdout
 
00:08:01 **** Incremental Build of configuration Debug for project practica_2 ****
make -j4 all 
arm-none-eabi-gcc "../Src/main.c" -mcpu=cortex-m4 -std=gnu11 -g3 -DDEBUG -DSTM32 -DSTM32F429ZITx -DSTM32F4 -DNUCLEO_F429ZI -DUSE_HAL_DRIVER -DSTM32F429xx -c -I../Inc -I"/home/felix/Fancesco/PdM_workspace/practica_2/Drivers/STM32F4xx_HAL_Driver/Inc" -I"/home/felix/Fancesco/PdM_workspace/practica_2/Drivers/CMSIS/Include" -I"/home/felix/Fancesco/PdM_workspace/practica_2/Drivers/CMSIS/Device/ST/STM32F4xx/Include" -I"/home/felix/Fancesco/PdM_workspace/practica_2/Drivers/BSP/STM32F4xx_Nucleo_144" -I"/home/felix/Fancesco/PdM_workspace/practica_2/Drivers/Core/Inc" -O0 -ffunction-sections -fdata-sections -Wall -fstack-usage -MMD -MP -MF"Src/main.d" -MT"Src/main.o" --specs=nano.specs -mfpu=fpv4-sp-d16 -mfloat-abi=hard -mthumb -o "Src/main.o"
arm-none-eabi-gcc -o "practica_2.elf" @"objects.list"   -mcpu=cortex-m4 -T"/home/felix/Fancesco/PdM_workspace/practica_2/STM32F429ZITX_FLASH.ld" --specs=nosys.specs -Wl,-Map="practica_2.map" -Wl,--gc-sections -static --specs=nano.specs -mfpu=fpv4-sp-d16 -mfloat-abi=hard -mthumb -Wl,--start-group -lc -lm -Wl,--end-group
Finished building target: practica_2.elf
 
arm-none-eabi-size   practica_2.elf 
arm-none-eabi-objdump -h -S  practica_2.elf  > "practica_2.list"
   text	   data	    bss	    dec	    hex	filename
   6404	     32	   1568	   8004	   1f44	practica_2.elf
Finished building: default.size.stdout
 
Finished building: practica_2.list
 
00:09:28 **** Incremental Build of configuration Debug for project practica_2 ****
make -j4 all 
arm-none-eabi-size   practica_2.elf 
   text	   data	    bss	    dec	    hex	filename
   6404	     32	   1568	   8004	   1f44	practica_2.elf
Finished building: default.size.stdout
 
08:12:10 **** Incremental Build of configuration Debug for project practica_2 ****
make -j4 all 
arm-none-eabi-gcc "../Src/main.c" -mcpu=cortex-m4 -std=gnu11 -g3 -DDEBUG -DSTM32 -DSTM32F429ZITx -DSTM32F4 -DNUCLEO_F429ZI -DUSE_HAL_DRIVER -DSTM32F429xx -c -I../Inc -I"/home/felix/Fancesco/PdM_workspace/practica_2/Drivers/STM32F4xx_HAL_Driver/Inc" -I"/home/felix/Fancesco/PdM_workspace/practica_2/Drivers/CMSIS/Include" -I"/home/felix/Fancesco/PdM_workspace/practica_2/Drivers/CMSIS/Device/ST/STM32F4xx/Include" -I"/home/felix/Fancesco/PdM_workspace/practica_2/Drivers/BSP/STM32F4xx_Nucleo_144" -I"/home/felix/Fancesco/PdM_workspace/practica_2/Drivers/Core/Inc" -O0 -ffunction-sections -fdata-sections -Wall -fstack-usage -MMD -MP -MF"Src/main.d" -MT"Src/main.o" --specs=nano.specs -mfpu=fpv4-sp-d16 -mfloat-abi=hard -mthumb -o "Src/main.o"
arm-none-eabi-gcc -o "practica_2.elf" @"objects.list"   -mcpu=cortex-m4 -T"/home/felix/Fancesco/PdM_workspace/practica_2/STM32F429ZITX_FLASH.ld" --specs=nosys.specs -Wl,-Map="practica_2.map" -Wl,--gc-sections -static --specs=nano.specs -mfpu=fpv4-sp-d16 -mfloat-abi=hard -mthumb -Wl,--start-group -lc -lm -Wl,--end-group
Finished building target: practica_2.elf
 
arm-none-eabi-size   practica_2.elf 
arm-none-eabi-objdump -h -S  practica_2.elf  > "practica_2.list"
   text	   data	    bss	    dec	    hex	filename
   6404	     32	   1568	   8004	   1f44	practica_2.elf
Finished building: default.size.stdout
 
Finished building: practica_2.list
 
08:13:14 **** Incremental Build of configuration Debug for project practica_2 ****
make -j4 all 
arm-none-eabi-size   practica_2.elf 
   text	   data	    bss	    dec	    hex	filename
   6404	     32	   1568	   8004	   1f44	practica_2.elf
Finished building: default.size.stdout
 
